cc -MM *.c > .depend
cc -g -Wall -Werror -D_GNU_SOURCE   -c -o test_thread.o test_thread.c
cc -g -Wall -Werror -D_GNU_SOURCE   -c -o thread.o thread.c
cc -g -Wall -Werror -D_GNU_SOURCE   -c -o interrupt.o interrupt.c
cc -g -Wall -Werror -D_GNU_SOURCE    show_ucontext.c test_thread.o thread.o interrupt.o   -o show_ucontext
cc -g -Wall -Werror -D_GNU_SOURCE    show_handler.c test_thread.o thread.o interrupt.o   -o show_handler
cc -g -Wall -Werror -D_GNU_SOURCE    test_basic.c test_thread.o thread.o interrupt.o   -o test_basic
cc -g -Wall -Werror -D_GNU_SOURCE    test_preemptive.c test_thread.o thread.o interrupt.o   -o test_preemptive
cc -g -Wall -Werror -D_GNU_SOURCE    test_wakeup.c test_thread.o thread.o interrupt.o   -o test_wakeup
cc -g -Wall -Werror -D_GNU_SOURCE    test_wakeup_all.c test_thread.o thread.o interrupt.o   -o test_wakeup_all
cc -g -Wall -Werror -D_GNU_SOURCE    test_wait.c test_thread.o thread.o interrupt.o   -o test_wait
cc -g -Wall -Werror -D_GNU_SOURCE    test_wait_kill.c test_thread.o thread.o interrupt.o   -o test_wait_kill
cc -g -Wall -Werror -D_GNU_SOURCE    test_wait_parent.c test_thread.o thread.o interrupt.o   -o test_wait_parent
cc -g -Wall -Werror -D_GNU_SOURCE    test_lock.c test_thread.o thread.o interrupt.o   -o test_lock
cc -g -Wall -Werror -D_GNU_SOURCE    test_cv_signal.c test_thread.o thread.o interrupt.o   -o test_cv_signal
cc -g -Wall -Werror -D_GNU_SOURCE    test_cv_broadcast.c test_thread.o thread.o interrupt.o   -o test_cv_broadcast
Running: /cad2/ece344f/tester/scripts/lab2-01-ucontext.py 
ucontext test
Mark for ucontext test is 10 out of 10
PASS

Running: /cad2/ece344f/tester/scripts/lab2-02-basic.py 
basic test
ERROR: EOF: not found: ^thread returns from second yield

ERROR: EOF: not found: ^my id is 0

ERROR: EOF: not found: ^message: hello from thread\s+(\d+)

ERROR: EOF: not found: ^destroying all threads

ERROR: EOF: not found: ^creating  1023 threads

ERROR: EOF: not found: ^running   1023 threads

ERROR: EOF: not found: ^creating  1023 threads

ERROR: EOF: not found: ^destroying 512 threads

ERROR: EOF: not found: ^testing some destroys even though I'm the only thread

ERROR: EOF: not found: ^testing destroy self

ERROR: EOF: not found: ^for my grand finale, I will destroy myself

ERROR: EOF: not found: ^while my talented assistant prints "basic test done"

ERROR: EOF: not found: ^finale running

ERROR: EOF: not found: ^basic test done

ERROR: program was killed with signal = 11
Mark for basic test is 8 out of 44
FAIL

You have received 18 marks out of a total of 54 marks.
